<?xml version="1.0" encoding="UTF-8"?>
<!-- Generated by org.testng.reporters.JUnitXMLReporter -->
<testsuite hostname="macbookpros-MacBook-Pro.local" ignored="0" name="Tumblr-Post-and-Edit" tests="4" failures="0" timestamp="25 Dec 2019 01:03:17 GMT" time="3.757" errors="0">
  <testcase name="TumblrPost" time="2.467" classname="tumblrapis.posts.TumblrPostandEdit"/>
  <testcase name="verifyTumblrPost" time="0.351" classname="tumblrapis.posts.TumblrPostandEdit"/>
  <testcase name="EditTumblrPost" time="0.284" classname="tumblrapis.posts.TumblrPostandEdit"/>
  <testcase name="verfiyEditTumblrPost" time="0.301" classname="tumblrapis.posts.TumblrPostandEdit"/>
</testsuite> <!-- Tumblr-Post-and-Edit -->
