<?xml version="1.0" encoding="UTF-8"?>
<!-- Generated by org.testng.reporters.JUnitXMLReporter -->
<testsuite hostname="macbookpros-MacBook-Pro.local" ignored="0" name="Tumblr-Post-and-Delete" tests="4" failures="0" timestamp="25 Dec 2019 01:03:29 GMT" time="1.103" errors="0">
  <testcase name="TumblrPost" time="0.311" classname="tumblrapis.posts.TumblrPostandDelete"/>
  <testcase name="verifyTumblrPost" time="0.309" classname="tumblrapis.posts.TumblrPostandDelete"/>
  <testcase name="DeleteTumblrPost" time="0.235" classname="tumblrapis.posts.TumblrPostandDelete"/>
  <testcase name="verfiyDeleteTumblrPost" time="0.245" classname="tumblrapis.posts.TumblrPostandDelete"/>
</testsuite> <!-- Tumblr-Post-and-Delete -->
