<?xml version="1.0" encoding="UTF-8"?>
<!-- Generated by org.testng.reporters.JUnitXMLReporter -->
<testsuite hostname="macbookpros-MacBook-Pro.local" ignored="0" name="Tumblr-Post-and-Delete" tests="4" failures="0" timestamp="2020-01-02T11:35:09 PST" time="9.755" errors="0">
  <testcase name="TumblrPostandDeleteTest_PostTest" time="8.489" classname="tumblrapis.posts.TumblrPostandDeleteTest"/>
  <testcase name="TumblrPostandDeleteTest_verifyPostTest" time="0.342" classname="tumblrapis.posts.TumblrPostandDeleteTest"/>
  <testcase name="TumblrPostandDeleteTest_DeletePostTest" time="0.267" classname="tumblrapis.posts.TumblrPostandDeleteTest"/>
  <testcase name="TumblrPostandDeleteTest_verfiyDeletePostTest" time="0.279" classname="tumblrapis.posts.TumblrPostandDeleteTest"/>
</testsuite> <!-- Tumblr-Post-and-Delete -->
