<?xml version="1.0" encoding="UTF-8"?>
<!-- Generated by org.testng.reporters.JUnitXMLReporter -->
<testsuite hostname="macbookpros-MacBook-Pro.local" ignored="0" name="Tumblr-Post-and-Edit" tests="4" failures="0" timestamp="2020-01-02T11:35:36 PST" time="1.995" errors="0">
  <testcase name="TumblrPostandEditTest_PostTest" time="0.643" classname="tumblrapis.posts.TumblrPostandEditTest"/>
  <testcase name="TumblrPostandEditTest_verifyPostTest" time="0.473" classname="tumblrapis.posts.TumblrPostandEditTest"/>
  <testcase name="TumblrPostandEditTest_EditPostTest" time="0.492" classname="tumblrapis.posts.TumblrPostandEditTest"/>
  <testcase name="TumblrPostandEditTest_verfiyEditPostTest" time="0.38" classname="tumblrapis.posts.TumblrPostandEditTest"/>
</testsuite> <!-- Tumblr-Post-and-Edit -->
