<?xml version="1.0" encoding="UTF-8"?>
<!-- Generated by org.testng.reporters.JUnitXMLReporter -->
<testsuite hostname="macbookpros-MacBook-Pro.local" ignored="0" name="Tumblr-Post-and-Delete" tests="4" failures="0" timestamp="2019-12-26T16:20:20 PST" time="1.353" errors="0">
  <testcase name="TumblrPostandDeleteTest_PostTest" time="0.491" classname="tumblrapis.posts.TumblrPostandDeleteTest"/>
  <testcase name="TumblrPostandDeleteTest_verifyPostTest" time="0.298" classname="tumblrapis.posts.TumblrPostandDeleteTest"/>
  <testcase name="TumblrPostandDeleteTest_DeletePostTest" time="0.267" classname="tumblrapis.posts.TumblrPostandDeleteTest"/>
  <testcase name="TumblrPostandDeleteTest_verfiyDeletePostTest" time="0.291" classname="tumblrapis.posts.TumblrPostandDeleteTest"/>
</testsuite> <!-- Tumblr-Post-and-Delete -->
