<?xml version="1.0" encoding="UTF-8"?>
<!-- Generated by org.testng.reporters.JUnitXMLReporter -->
<testsuite hostname="macbookpros-MacBook-Pro.local" ignored="0" name="Tumblr-Post-and-Edit" tests="4" failures="0" timestamp="2019-12-26T16:19:33 PST" time="7.665" errors="0">
  <testcase name="TumblrPostandEditTest_PostTest" time="6.502" classname="tumblrapis.posts.TumblrPostandEditTest"/>
  <testcase name="TumblrPostandEditTest_verifyPostTest" time="0.298" classname="tumblrapis.posts.TumblrPostandEditTest"/>
  <testcase name="TumblrPostandEditTest_EditPostTest" time="0.288" classname="tumblrapis.posts.TumblrPostandEditTest"/>
  <testcase name="TumblrPostandEditTest_verfiyEditPostTest" time="0.304" classname="tumblrapis.posts.TumblrPostandEditTest"/>
</testsuite> <!-- Tumblr-Post-and-Edit -->
