<?xml version="1.0" encoding="UTF-8"?>
<testsuite xmlns:xsi="http://www.w3.org/2001/XMLSchema-instance" xsi:noNamespaceSchemaLocation="https://maven.apache.org/surefire/maven-surefire-plugin/xsd/surefire-test-report.xsd" name="TestSuite" time="151.317" tests="12" errors="0" skipped="0" failures="0">
  <properties>
[...]
</properties>
  <testcase name="TumblrPostandEditTest_PostTest" classname="tumblrapis.posts.TumblrPostandEditTest" time="6.502"/>
  <testcase name="TumblrPostandEditTest_verifyPostTest" classname="tumblrapis.posts.TumblrPostandEditTest" time="0.298"/>
  <testcase name="TumblrPostandEditTest_EditPostTest" classname="tumblrapis.posts.TumblrPostandEditTest" time="0.289"/>
  <testcase name="TumblrPostandEditTest_verfiyEditPostTest" classname="tumblrapis.posts.TumblrPostandEditTest" time="0.304"/>
  <testcase name="GetAllTumblrPostsTest" classname="tumblrapis.posts.TumblrGetLikesTest" time="0.375"/>
  <testcase name="TumblrPostandDeleteTest_PostTest" classname="tumblrapis.posts.TumblrPostandDeleteTest" time="0.491"/>
  <testcase name="TumblrPostandDeleteTest_verifyPostTest" classname="tumblrapis.posts.TumblrPostandDeleteTest" time="0.298"/>
  <testcase name="TumblrPostandDeleteTest_DeletePostTest" classname="tumblrapis.posts.TumblrPostandDeleteTest" time="0.267"/>
  <testcase name="TumblrPostandDeleteTest_verfiyDeletePostTest" classname="tumblrapis.posts.TumblrPostandDeleteTest" time="0.292"/>
  <testcase name="GetAllTumblrPostsTest" classname="tumblrapis.posts.TumblrGetFollowingTest" time="0.351"/>
  <testcase name="GetAllTumblrPostsTest" classname="tumblrapis.posts.TumblrGetFollowersTest" time="0.296"/>
  <testcase name="GetAllTumblrPostsTest" classname="tumblrapis.posts.TumblrGetAllPostsTest" time="0.355"/>
</testsuite>