<?xml version="1.0" encoding="UTF-8"?>
<testng-results skipped="0" failed="0" ignored="0" total="1" passed="1">
  <reporter-output>
  </reporter-output>
  <suite name="Default suite" duration-ms="1643" started-at="2019-10-25T18:22:43Z" finished-at="2019-10-25T18:22:45Z">
    <groups>
    </groups>
    <test name="Default test" duration-ms="1643" started-at="2019-10-25T18:22:43Z" finished-at="2019-10-25T18:22:45Z">
      <class name="tumblrapis.posts.TumblrGetLikes">
        <test-method status="PASS" signature="setup()[pri:0, instance:tumblrapis.posts.TumblrGetLikes@6093dd95]" name="setup" is-config="true" duration-ms="251" started-at="2019-10-25T18:22:43Z" finished-at="2019-10-25T18:22:44Z">
          <reporter-output>
          </reporter-output>
        </test-method> <!-- setup -->
        <test-method status="PASS" signature="GetAllTumblrPosts()[pri:0, instance:tumblrapis.posts.TumblrGetLikes@6093dd95]" name="GetAllTumblrPosts" duration-ms="1381" started-at="2019-10-25T18:22:44Z" finished-at="2019-10-25T18:22:45Z">
          <reporter-output>
          </reporter-output>
        </test-method> <!-- GetAllTumblrPosts -->
      </class> <!-- tumblrapis.posts.TumblrGetLikes -->
    </test> <!-- Default test -->
  </suite> <!-- Default suite -->
</testng-results>
